[01m[K/home/user/drone/src/ultrasonic_sensor/src/ultrasonic_sensor_node.cpp:25:8:[m[K [01;31m[Kerror: [m[Kextra qualification â€˜[01m[KUltrasonicSensorNode::[m[Kâ€™ on member â€˜[01m[Kdistance[m[Kâ€™ [[01;31m[K]8;;https://gcc.gnu.org/onlinedocs/gcc/Warning-Options.html#index-fpermissive-fpermissive]8;;[m[K]
   25 |   void [01;31m[KUltrasonicSensorNode[m[K::distance(int timeout)
      |        [01;31m[K^~~~~~~~~~~~~~~~~~~~[m[K
[01m[K/home/user/drone/src/ultrasonic_sensor/src/ultrasonic_sensor_node.cpp:46:6:[m[K [01;31m[Kerror: [m[Kextra qualification â€˜[01m[KUltrasonicSensorNode::[m[Kâ€™ on member â€˜[01m[KrecordPulseLength[m[Kâ€™ [[01;31m[K]8;;https://gcc.gnu.org/onlinedocs/gcc/Warning-Options.html#index-fpermissive-fpermissive]8;;[m[K]
   46 | void [01;31m[KUltrasonicSensorNode[m[K::recordPulseLength()
      |      [01;31m[K^~~~~~~~~~~~~~~~~~~~[m[K
[01m[K/home/user/drone/src/ultrasonic_sensor/src/ultrasonic_sensor_node.cpp:54:10:[m[K [01;31m[Kerror: [m[Kâ€˜[01m[Kvoid UltrasonicSensorNode::recordPulseLength()[m[Kâ€™ cannot be overloaded with â€˜[01m[Kvoid UltrasonicSensorNode::recordPulseLength()[m[Kâ€™
   54 |     void [01;31m[KrecordPulseLength[m[K();
      |          [01;31m[K^~~~~~~~~~~~~~~~~[m[K
[01m[K/home/user/drone/src/ultrasonic_sensor/src/ultrasonic_sensor_node.cpp:46:6:[m[K [01;36m[Knote: [m[Kprevious declaration â€˜[01m[Kvoid UltrasonicSensorNode::recordPulseLength()[m[Kâ€™
   46 | void [01;36m[KUltrasonicSensorNode[m[K::recordPulseLength()
      |      [01;36m[K^~~~~~~~~~~~~~~~~~~~[m[K
[01m[K/home/user/drone/src/ultrasonic_sensor/src/ultrasonic_sensor_node.cpp:[m[K In constructor â€˜[01m[KUltrasonicSensorNode::UltrasonicSensorNode()[m[Kâ€™:
[01m[K/home/user/drone/src/ultrasonic_sensor/src/ultrasonic_sensor_node.cpp:22:3:[m[K [01;31m[Kerror: [m[Kexpected â€˜[01m[K;[m[Kâ€™ before â€˜[01m[K}[m[Kâ€™ token
   22 |   [01;31m[K}[m[K
      |   [01;31m[K^[m[K
gmake[2]: *** [CMakeFiles/ultrasonic_sensor_node.dir/build.make:76: CMakeFiles/ultrasonic_sensor_node.dir/src/ultrasonic_sensor_node.cpp.o] Error 1
gmake[1]: *** [CMakeFiles/Makefile2:137: CMakeFiles/ultrasonic_sensor_node.dir/all] Error 2
gmake: *** [Makefile:146: all] Error 2
