[0.010s] Invoking command in '/home/user/drone/build/ultrasonic_sensor': CMAKE_PREFIX_PATH=${CMAKE_PREFIX_PATH}:/home/user/ros2_wstuto/install/tuto:/opt/ros/humble /usr/bin/cmake --build /home/user/drone/build/ultrasonic_sensor -- -j12 -l12
[0.038s] [35m[1mConsolidate compiler generated dependencies of target ultrasonic_sensor_node[0m
[0.052s] [ 50%] [32mBuilding CXX object CMakeFiles/ultrasonic_sensor_node.dir/src/ultrasonic_sensor_node.cpp.o[0m
[2.252s] [01m[K/home/user/drone/src/ultrasonic_sensor/src/ultrasonic_sensor_node.cpp:54:10:[m[K [01;31m[Kerror: [m[Kâ€˜[01m[Kvoid UltrasonicSensorNode::recordPulseLength()[m[Kâ€™ cannot be overloaded with â€˜[01m[Kvoid UltrasonicSensorNode::recordPulseLength()[m[Kâ€™
[2.252s]    54 |     void [01;31m[KrecordPulseLength[m[K();
[2.252s]       |          [01;31m[K^~~~~~~~~~~~~~~~~[m[K
[2.252s] [01m[K/home/user/drone/src/ultrasonic_sensor/src/ultrasonic_sensor_node.cpp:46:6:[m[K [01;36m[Knote: [m[Kprevious declaration â€˜[01m[Kvoid UltrasonicSensorNode::recordPulseLength()[m[Kâ€™
[2.252s]    46 | void [01;36m[KrecordPulseLength[m[K()
[2.252s]       |      [01;36m[K^~~~~~~~~~~~~~~~~[m[K
[2.254s] [01m[K/home/user/drone/src/ultrasonic_sensor/src/ultrasonic_sensor_node.cpp:[m[K In constructor â€˜[01m[KUltrasonicSensorNode::UltrasonicSensorNode()[m[Kâ€™:
[2.255s] [01m[K/home/user/drone/src/ultrasonic_sensor/src/ultrasonic_sensor_node.cpp:22:3:[m[K [01;31m[Kerror: [m[Kexpected â€˜[01m[K;[m[Kâ€™ before â€˜[01m[K}[m[Kâ€™ token
[2.255s]    22 |   [01;31m[K}[m[K
[2.255s]       |   [01;31m[K^[m[K
[2.948s] gmake[2]: *** [CMakeFiles/ultrasonic_sensor_node.dir/build.make:76: CMakeFiles/ultrasonic_sensor_node.dir/src/ultrasonic_sensor_node.cpp.o] Error 1
[2.948s] gmake[1]: *** [CMakeFiles/Makefile2:137: CMakeFiles/ultrasonic_sensor_node.dir/all] Error 2
[2.948s] gmake: *** [Makefile:146: all] Error 2
[2.951s] Invoked command in '/home/user/drone/build/ultrasonic_sensor' returned '2': CMAKE_PREFIX_PATH=${CMAKE_PREFIX_PATH}:/home/user/ros2_wstuto/install/tuto:/opt/ros/humble /usr/bin/cmake --build /home/user/drone/build/ultrasonic_sensor -- -j12 -l12
