[01m[K/home/user/drone/src/ultrasonic_sensor/src/ultrasonic_sensor_node.cpp:10:3:[m[K [01;31m[Kerror: [m[KISO C++ forbids declaration of â€˜[01m[KHCSR04[m[Kâ€™ with no type [[01;31m[K]8;;https://gcc.gnu.org/onlinedocs/gcc/Warning-Options.html#index-fpermissive-fpermissive]8;;[m[K]
   10 |   [01;31m[KHCSR04[m[K() : Node("ultrasonic_sensor_node")
      |   [01;31m[K^~~~~~[m[K
[01m[K/home/user/drone/src/ultrasonic_sensor/src/ultrasonic_sensor_node.cpp:25:8:[m[K [01;31m[Kerror: [m[Kâ€˜[01m[KHCSR04[m[Kâ€™ is not a class, namespace, or enumeration
   25 |   void [01;31m[KHCSR04[m[K::distance(int timeout)
      |        [01;31m[K^~~~~~[m[K
[01m[K/home/user/drone/src/ultrasonic_sensor/src/ultrasonic_sensor_node.cpp:46:6:[m[K [01;31m[Kerror: [m[Kâ€˜[01m[KHCSR04[m[Kâ€™ is not a class, namespace, or enumeration
   46 | void [01;31m[KHCSR04[m[K::recordPulseLength()
      |      [01;31m[K^~~~~~[m[K
[01m[K/home/user/drone/src/ultrasonic_sensor/src/ultrasonic_sensor_node.cpp:54:10:[m[K [01;31m[Kerror: [m[Kâ€˜[01m[Kvoid UltrasonicSensorNode::recordPulseLength()[m[Kâ€™ cannot be overloaded with â€˜[01m[Kvoid UltrasonicSensorNode::recordPulseLength()[m[Kâ€™
   54 |     void [01;31m[KrecordPulseLength[m[K();
      |          [01;31m[K^~~~~~~~~~~~~~~~~[m[K
[01m[K/home/user/drone/src/ultrasonic_sensor/src/ultrasonic_sensor_node.cpp:46:6:[m[K [01;36m[Knote: [m[Kprevious declaration â€˜[01m[Kvoid UltrasonicSensorNode::recordPulseLength()[m[Kâ€™
   46 | void [01;36m[KHCSR04[m[K::recordPulseLength()
      |      [01;36m[K^~~~~~[m[K
[01m[K/home/user/drone/src/ultrasonic_sensor/src/ultrasonic_sensor_node.cpp:[m[K In member function â€˜[01m[Kint UltrasonicSensorNode::HCSR04()[m[Kâ€™:
[01m[K/home/user/drone/src/ultrasonic_sensor/src/ultrasonic_sensor_node.cpp:10:14:[m[K [01;31m[Kerror: [m[Konly constructors take member initializers
   10 |   HCSR04() : [01;31m[KNode[m[K("ultrasonic_sensor_node")
      |              [01;31m[K^~~~[m[K
[01m[K/home/user/drone/src/ultrasonic_sensor/src/ultrasonic_sensor_node.cpp:22:3:[m[K [01;31m[Kerror: [m[Kexpected â€˜[01m[K;[m[Kâ€™ before â€˜[01m[K}[m[Kâ€™ token
   22 |   [01;31m[K}[m[K
      |   [01;31m[K^[m[K
[01m[K/home/user/drone/src/ultrasonic_sensor/src/ultrasonic_sensor_node.cpp:22:3:[m[K [01;35m[Kwarning: [m[Kno return statement in function returning non-void [[01;35m[K]8;;https://gcc.gnu.org/onlinedocs/gcc/Warning-Options.html#index-Wreturn-type-Wreturn-type]8;;[m[K]
[01m[K/home/user/drone/src/ultrasonic_sensor/src/ultrasonic_sensor_node.cpp:[m[K In function â€˜[01m[Kint main(int, char**)[m[Kâ€™:
[01m[K/home/user/drone/src/ultrasonic_sensor/src/ultrasonic_sensor_node.cpp:67:33:[m[K [01;31m[Kerror: [m[Kâ€˜[01m[KHCSR04[m[Kâ€™ was not declared in this scope
   67 |   rclcpp::spin(std::make_shared<[01;31m[KHCSR04[m[K>());
      |                                 [01;31m[K^~~~~~[m[K
[01m[K/home/user/drone/src/ultrasonic_sensor/src/ultrasonic_sensor_node.cpp:67:40:[m[K [01;31m[Kerror: [m[Kno matching function for call to â€˜[01m[Kmake_shared<<expression error> >()[m[Kâ€™
   67 |   rclcpp::spin([01;31m[Kstd::make_shared<HCSR04>()[m[K);
      |                [01;31m[K~~~~~~~~~~~~~~~~~~~~~~~~^~[m[K
In file included from [01m[K/usr/include/c++/11/memory:77[m[K,
                 from [01m[K/opt/ros/humble/include/rclcpp/rclcpp/rclcpp.hpp:153[m[K,
                 from [01m[K/home/user/drone/src/ultrasonic_sensor/src/ultrasonic_sensor_node.cpp:1[m[K:
[01m[K/usr/include/c++/11/bits/shared_ptr.h:875:5:[m[K [01;36m[Knote: [m[Kcandidate: â€˜[01m[Ktemplate<class _Tp, class ... _Args> std::shared_ptr<_Tp> std::make_shared(_Args&& ...)[m[Kâ€™
  875 |     [01;36m[Kmake_shared[m[K(_Args&&... __args)
      |     [01;36m[K^~~~~~~~~~~[m[K
[01m[K/usr/include/c++/11/bits/shared_ptr.h:875:5:[m[K [01;36m[Knote: [m[K  template argument deduction/substitution failed:
[01m[K/home/user/drone/src/ultrasonic_sensor/src/ultrasonic_sensor_node.cpp:67:40:[m[K [01;31m[Kerror: [m[Ktemplate argument 1 is invalid
   67 |   rclcpp::spin([01;31m[Kstd::make_shared<HCSR04>()[m[K);
      |                [01;31m[K~~~~~~~~~~~~~~~~~~~~~~~~^~[m[K
gmake[2]: *** [CMakeFiles/ultrasonic_sensor_node.dir/build.make:76: CMakeFiles/ultrasonic_sensor_node.dir/src/ultrasonic_sensor_node.cpp.o] Error 1
gmake[1]: *** [CMakeFiles/Makefile2:137: CMakeFiles/ultrasonic_sensor_node.dir/all] Error 2
gmake: *** [Makefile:146: all] Error 2
