[0.013s] Invoking command in '/home/user/drone/build/ultrasonic_sensor': CMAKE_PREFIX_PATH=${CMAKE_PREFIX_PATH}:/home/user/ros2_wstuto/install/tuto:/opt/ros/humble /usr/bin/cmake /home/user/drone/src/ultrasonic_sensor -DCMAKE_INSTALL_PREFIX=/home/user/drone/install/ultrasonic_sensor
[0.030s] -- Found ament_cmake: 1.3.9 (/opt/ros/humble/share/ament_cmake/cmake)
[0.131s] -- Found rclcpp: 16.0.9 (/opt/ros/humble/share/rclcpp/cmake)
[0.270s] -- Found rosidl_generator_c: 3.1.5 (/opt/ros/humble/share/rosidl_generator_c/cmake)
[0.272s] -- Found rosidl_adapter: 3.1.5 (/opt/ros/humble/share/rosidl_adapter/cmake)
[0.281s] -- Found rosidl_generator_cpp: 3.1.5 (/opt/ros/humble/share/rosidl_generator_cpp/cmake)
[0.290s] -- Using all available rosidl_typesupport_c: rosidl_typesupport_fastrtps_c;rosidl_typesupport_introspection_c
[0.303s] -- Using all available rosidl_typesupport_cpp: rosidl_typesupport_fastrtps_cpp;rosidl_typesupport_introspection_cpp
[0.351s] -- Found rmw_implementation_cmake: 6.1.2 (/opt/ros/humble/share/rmw_implementation_cmake/cmake)
[0.352s] -- Found rmw_fastrtps_cpp: 6.2.6 (/opt/ros/humble/share/rmw_fastrtps_cpp/cmake)
[5.023s] -- Using RMW implementation 'rmw_fastrtps_cpp' as default
[5.154s] -- Found sensor_msgs: 4.2.3 (/opt/ros/humble/share/sensor_msgs/cmake)
[5.313s] -- Configuring done
[5.323s] -- Generating done
[5.324s] -- Build files have been written to: /home/user/drone/build/ultrasonic_sensor
[5.332s] Invoked command in '/home/user/drone/build/ultrasonic_sensor' returned '0': CMAKE_PREFIX_PATH=${CMAKE_PREFIX_PATH}:/home/user/ros2_wstuto/install/tuto:/opt/ros/humble /usr/bin/cmake /home/user/drone/src/ultrasonic_sensor -DCMAKE_INSTALL_PREFIX=/home/user/drone/install/ultrasonic_sensor
[5.334s] Invoking command in '/home/user/drone/build/ultrasonic_sensor': CMAKE_PREFIX_PATH=${CMAKE_PREFIX_PATH}:/home/user/ros2_wstuto/install/tuto:/opt/ros/humble /usr/bin/cmake --build /home/user/drone/build/ultrasonic_sensor -- -j12 -l12
[5.369s] [ 50%] [32mBuilding CXX object CMakeFiles/ultrasonic_sensor_node.dir/src/ultrasonic_sensor_node.cpp.o[0m
[7.650s] [01m[K/home/user/drone/src/ultrasonic_sensor/src/ultrasonic_sensor_node.cpp:10:3:[m[K [01;31m[Kerror: [m[KISO C++ forbids declaration of â€˜[01m[KHCSR04[m[Kâ€™ with no type [[01;31m[K]8;;https://gcc.gnu.org/onlinedocs/gcc/Warning-Options.html#index-fpermissive-fpermissive]8;;[m[K]
[7.650s]    10 |   [01;31m[KHCSR04[m[K() : Node("ultrasonic_sensor_node")
[7.650s]       |   [01;31m[K^~~~~~[m[K
[7.650s] [01m[K/home/user/drone/src/ultrasonic_sensor/src/ultrasonic_sensor_node.cpp:25:8:[m[K [01;31m[Kerror: [m[Kâ€˜[01m[KHCSR04[m[Kâ€™ is not a class, namespace, or enumeration
[7.650s]    25 |   void [01;31m[KHCSR04[m[K::distance(int timeout)
[7.650s]       |        [01;31m[K^~~~~~[m[K
[7.650s] [01m[K/home/user/drone/src/ultrasonic_sensor/src/ultrasonic_sensor_node.cpp:46:6:[m[K [01;31m[Kerror: [m[Kâ€˜[01m[KHCSR04[m[Kâ€™ is not a class, namespace, or enumeration
[7.650s]    46 | void [01;31m[KHCSR04[m[K::recordPulseLength()
[7.651s]       |      [01;31m[K^~~~~~[m[K
[7.654s] [01m[K/home/user/drone/src/ultrasonic_sensor/src/ultrasonic_sensor_node.cpp:54:10:[m[K [01;31m[Kerror: [m[Kâ€˜[01m[Kvoid UltrasonicSensorNode::recordPulseLength()[m[Kâ€™ cannot be overloaded with â€˜[01m[Kvoid UltrasonicSensorNode::recordPulseLength()[m[Kâ€™
[7.654s]    54 |     void [01;31m[KrecordPulseLength[m[K();
[7.654s]       |          [01;31m[K^~~~~~~~~~~~~~~~~[m[K
[7.654s] [01m[K/home/user/drone/src/ultrasonic_sensor/src/ultrasonic_sensor_node.cpp:46:6:[m[K [01;36m[Knote: [m[Kprevious declaration â€˜[01m[Kvoid UltrasonicSensorNode::recordPulseLength()[m[Kâ€™
[7.654s]    46 | void [01;36m[KHCSR04[m[K::recordPulseLength()
[7.654s]       |      [01;36m[K^~~~~~[m[K
[7.654s] [01m[K/home/user/drone/src/ultrasonic_sensor/src/ultrasonic_sensor_node.cpp:[m[K In member function â€˜[01m[Kint UltrasonicSensorNode::HCSR04()[m[Kâ€™:
[7.654s] [01m[K/home/user/drone/src/ultrasonic_sensor/src/ultrasonic_sensor_node.cpp:10:14:[m[K [01;31m[Kerror: [m[Konly constructors take member initializers
[7.654s]    10 |   HCSR04() : [01;31m[KNode[m[K("ultrasonic_sensor_node")
[7.654s]       |              [01;31m[K^~~~[m[K
[7.656s] [01m[K/home/user/drone/src/ultrasonic_sensor/src/ultrasonic_sensor_node.cpp:22:3:[m[K [01;31m[Kerror: [m[Kexpected â€˜[01m[K;[m[Kâ€™ before â€˜[01m[K}[m[Kâ€™ token
[7.656s]    22 |   [01;31m[K}[m[K
[7.656s]       |   [01;31m[K^[m[K
[7.656s] [01m[K/home/user/drone/src/ultrasonic_sensor/src/ultrasonic_sensor_node.cpp:22:3:[m[K [01;35m[Kwarning: [m[Kno return statement in function returning non-void [[01;35m[K]8;;https://gcc.gnu.org/onlinedocs/gcc/Warning-Options.html#index-Wreturn-type-Wreturn-type]8;;[m[K]
[7.660s] [01m[K/home/user/drone/src/ultrasonic_sensor/src/ultrasonic_sensor_node.cpp:[m[K In function â€˜[01m[Kint main(int, char**)[m[Kâ€™:
[7.660s] [01m[K/home/user/drone/src/ultrasonic_sensor/src/ultrasonic_sensor_node.cpp:67:33:[m[K [01;31m[Kerror: [m[Kâ€˜[01m[KHCSR04[m[Kâ€™ was not declared in this scope
[7.660s]    67 |   rclcpp::spin(std::make_shared<[01;31m[KHCSR04[m[K>());
[7.660s]       |                                 [01;31m[K^~~~~~[m[K
[7.660s] [01m[K/home/user/drone/src/ultrasonic_sensor/src/ultrasonic_sensor_node.cpp:67:40:[m[K [01;31m[Kerror: [m[Kno matching function for call to â€˜[01m[Kmake_shared<<expression error> >()[m[Kâ€™
[7.660s]    67 |   rclcpp::spin([01;31m[Kstd::make_shared<HCSR04>()[m[K);
[7.660s]       |                [01;31m[K~~~~~~~~~~~~~~~~~~~~~~~~^~[m[K
[7.661s] In file included from [01m[K/usr/include/c++/11/memory:77[m[K,
[7.661s]                  from [01m[K/opt/ros/humble/include/rclcpp/rclcpp/rclcpp.hpp:153[m[K,
[7.661s]                  from [01m[K/home/user/drone/src/ultrasonic_sensor/src/ultrasonic_sensor_node.cpp:1[m[K:
[7.661s] [01m[K/usr/include/c++/11/bits/shared_ptr.h:875:5:[m[K [01;36m[Knote: [m[Kcandidate: â€˜[01m[Ktemplate<class _Tp, class ... _Args> std::shared_ptr<_Tp> std::make_shared(_Args&& ...)[m[Kâ€™
[7.661s]   875 |     [01;36m[Kmake_shared[m[K(_Args&&... __args)
[7.661s]       |     [01;36m[K^~~~~~~~~~~[m[K
[7.661s] [01m[K/usr/include/c++/11/bits/shared_ptr.h:875:5:[m[K [01;36m[Knote: [m[K  template argument deduction/substitution failed:
[7.661s] [01m[K/home/user/drone/src/ultrasonic_sensor/src/ultrasonic_sensor_node.cpp:67:40:[m[K [01;31m[Kerror: [m[Ktemplate argument 1 is invalid
[7.661s]    67 |   rclcpp::spin([01;31m[Kstd::make_shared<HCSR04>()[m[K);
[7.662s]       |                [01;31m[K~~~~~~~~~~~~~~~~~~~~~~~~^~[m[K
[8.284s] gmake[2]: *** [CMakeFiles/ultrasonic_sensor_node.dir/build.make:76: CMakeFiles/ultrasonic_sensor_node.dir/src/ultrasonic_sensor_node.cpp.o] Error 1
[8.284s] gmake[1]: *** [CMakeFiles/Makefile2:137: CMakeFiles/ultrasonic_sensor_node.dir/all] Error 2
[8.285s] gmake: *** [Makefile:146: all] Error 2
[8.287s] Invoked command in '/home/user/drone/build/ultrasonic_sensor' returned '2': CMAKE_PREFIX_PATH=${CMAKE_PREFIX_PATH}:/home/user/ros2_wstuto/install/tuto:/opt/ros/humble /usr/bin/cmake --build /home/user/drone/build/ultrasonic_sensor -- -j12 -l12
